Thu 21 Mar 2024 06:53:27 PM UTC: 
 tests:  0|5
total_score: 0/70
d4d68a1
Thu 21 Mar 2024 07:09:19 PM UTC: 
 exercises.c | 6 +++++-
 1 file changed, 5 insertions(+), 1 deletion(-)
In file included from test.c:5:
exercises.c: In function ‘copia_pila’:
exercises.c:82:4: error: expected statement before ‘)’ token
   82 |   })
      |    ^
Compilation failed
f92e039
Thu 21 Mar 2024 07:09:31 PM UTC: 
 exercises.c | 1 -
 1 file changed, 1 deletion(-)
In file included from test.c:6:
arraylist.c: In function ‘create_list’:
arraylist.c:15:34: error: invalid application of ‘sizeof’ to incomplete type ‘List’
   15 |   List* L = (List*)malloc(sizeof(List));
      |                                  ^~~~
arraylist.c:16:4: error: invalid use of incomplete typedef ‘List’
   16 |   L->current = 0;
      |    ^~
arraylist.c:17:4: error: invalid use of incomplete typedef ‘List’
   17 |   L->size = 0;
      |    ^~
arraylist.c: In function ‘first’:
arraylist.c:22:7: error: invalid use of incomplete typedef ‘List’
   22 |   if(L->size == 0) {
      |       ^~
arraylist.c:25:4: error: invalid use of incomplete typedef ‘List’
   25 |   L->current = 0;
      |    ^~
arraylist.c:26:11: error: invalid use of incomplete typedef ‘List’
   26 |   return L->data[L->current];
      |           ^~
arraylist.c:26:19: error: invalid use of incomplete typedef ‘List’
   26 |   return L->data[L->current];
      |                   ^~
arraylist.c: In function ‘next’:
arraylist.c:30:7: error: invalid use of incomplete typedef ‘List’
   30 |   if(L->current < L->size - 1) {
      |       ^~
arraylist.c:30:20: error: invalid use of incomplete typedef ‘List’
   30 |   if(L->current < L->size - 1) {
      |                    ^~
arraylist.c:31:6: error: invalid use of incomplete typedef ‘List’
   31 |     L->current++;
      |      ^~
arraylist.c:32:13: error: invalid use of incomplete typedef ‘List’
   32 |     return L->data[L->current];
      |             ^~
arraylist.c:32:21: error: invalid use of incomplete typedef ‘List’
   32 |     return L->data[L->current];
      |                     ^~
arraylist.c: In function ‘pushFront’:
arraylist.c:38:7: error: invalid use of incomplete typedef ‘List’
   38 |   if(L->size == 0) {
      |       ^~
arraylist.c:39:6: error: invalid use of incomplete typedef ‘List’
   39 |     L->data[0] = dato;
      |      ^~
arraylist.c:40:6: error: invalid use of incomplete typedef ‘List’
   40 |     L->size++;
      |      ^~
arraylist.c:43:16: error: invalid use of incomplete typedef ‘List’
   43 |   for(int i = L->size; i > 0; i--) {
      |                ^~
arraylist.c:44:6: error: invalid use of incomplete typedef ‘List’
   44 |     L->data[i] = L->data[i - 1];
      |      ^~
arraylist.c:44:19: error: invalid use of incomplete typedef ‘List’
   44 |     L->data[i] = L->data[i - 1];
      |                   ^~
arraylist.c:46:4: error: invalid use of incomplete typedef ‘List’
   46 |   L->data[0] = dato;
      |    ^~
arraylist.c:47:4: error: invalid use of incomplete typedef ‘List’
   47 |   L->size++;
      |    ^~
arraylist.c: In function ‘pushBack’:
arraylist.c:51:4: error: invalid use of incomplete typedef ‘List’
   51 |   L->data[L->size] = dato;
      |    ^~
arraylist.c:51:12: error: invalid use of incomplete typedef ‘List’
   51 |   L->data[L->size] = dato;
      |            ^~
arraylist.c:52:4: error: invalid use of incomplete typedef ‘List’
   52 |   L->size++;
      |    ^~
arraylist.c: In function ‘pushCurrent’:
arraylist.c:56:7: error: invalid use of incomplete typedef ‘List’
   56 |   if(L->size == 0) {
      |       ^~
arraylist.c:57:6: error: invalid use of incomplete typedef ‘List’
   57 |     L->data[0] = dato;
      |      ^~
arraylist.c:58:6: error: invalid use of incomplete typedef ‘List’
   58 |     L->size++;
      |      ^~
arraylist.c:61:16: error: invalid use of incomplete typedef ‘List’
   61 |   for(int i = L->size; i > L->current; i--) {
      |                ^~
arraylist.c:61:29: error: invalid use of incomplete typedef ‘List’
   61 |   for(int i = L->size; i > L->current; i--) {
      |                             ^~
arraylist.c:62:6: error: invalid use of incomplete typedef ‘List’
   62 |     L->data[i] = L->data[i - 1];
      |      ^~
arraylist.c:62:19: error: invalid use of incomplete typedef ‘List’
   62 |     L->data[i] = L->data[i - 1];
      |                   ^~
arraylist.c:64:4: error: invalid use of incomplete typedef ‘List’
   64 |   L->data[L->current + 1] = dato;
      |    ^~
arraylist.c:64:12: error: invalid use of incomplete typedef ‘List’
   64 |   L->data[L->current + 1] = dato;
      |            ^~
arraylist.c:65:4: error: invalid use of incomplete typedef ‘List’
   65 |   L->size++;
      |    ^~
arraylist.c: In function ‘popFront’:
arraylist.c:69:7: error: invalid use of incomplete typedef ‘List’
   69 |   if(L->size == 0) {
      |       ^~
arraylist.c:72:17: error: invalid use of incomplete typedef ‘List’
   72 |   void* dato = L->data[0];
      |                 ^~
arraylist.c:73:23: error: invalid use of incomplete typedef ‘List’
   73 |   for(int i = 0; i < L->size - 1; i++) {
      |                       ^~
arraylist.c:74:6: error: invalid use of incomplete typedef ‘List’
   74 |     L->data[i] = L->data[i + 1];
      |      ^~
arraylist.c:74:19: error: invalid use of incomplete typedef ‘List’
   74 |     L->data[i] = L->data[i + 1];
      |                   ^~
arraylist.c:76:4: error: invalid use of incomplete typedef ‘List’
   76 |   L->size--;
      |    ^~
arraylist.c: In function ‘popBack’:
arraylist.c:81:7: error: invalid use of incomplete typedef ‘List’
   81 |   if(L->size == 0) {
      |       ^~
arraylist.c:84:17: error: invalid use of incomplete typedef ‘List’
   84 |   void* dato = L->data[L->size - 1];
      |                 ^~
arraylist.c:84:25: error: invalid use of incomplete typedef ‘List’
   84 |   void* dato = L->data[L->size - 1];
      |                         ^~
arraylist.c:85:4: error: invalid use of incomplete typedef ‘List’
   85 |   L->size--;
      |    ^~
arraylist.c: In function ‘popCurrent’:
arraylist.c:90:7: error: invalid use of incomplete typedef ‘List’
   90 |   if(L->size == 0) {
      |       ^~
arraylist.c:93:17: error: invalid use of incomplete typedef ‘List’
   93 |   void* dato = L->data[L->current];
      |                 ^~
arraylist.c:93:25: error: invalid use of incomplete typedef ‘List’
   93 |   void* dato = L->data[L->current];
      |                         ^~
arraylist.c:94:16: error: invalid use of incomplete typedef ‘List’
   94 |   for(int i = L->current; i < L->size - 1; i++) {
      |                ^~
arraylist.c:94:32: error: invalid use of incomplete typedef ‘List’
   94 |   for(int i = L->current; i < L->size - 1; i++) {
      |                                ^~
arraylist.c:95:6: error: invalid use of incomplete typedef ‘List’
   95 |     L->data[i] = L->data[i + 1];
      |      ^~
arraylist.c:95:19: error: invalid use of incomplete typedef ‘List’
   95 |     L->data[i] = L->data[i + 1];
      |                   ^~
arraylist.c:97:4: error: invalid use of incomplete typedef ‘List’
   97 |   L->size--;
      |    ^~
arraylist.c:98:4: error: invalid use of incomplete typedef ‘List’
   98 |   L->current--;
      |    ^~
arraylist.c: In function ‘get_size’:
arraylist.c:103:11: error: invalid use of incomplete typedef ‘List’
  103 |   return L->size;
      |           ^~
test.c: In function ‘copia_pila’:
test.c:253:5: error: ‘main’ is normally a non-static function [-Werror=main]
  253 | int main( int argc, char *argv[] ) {
      |     ^~~~
test.c:271:1: error: expected declaration or statement at end of input
  271 | }
      | ^
In file included from test.c:6:
arraylist.c: In function ‘first’:
arraylist.c:27:1: error: control reaches end of non-void function [-Werror=return-type]
   27 | }
      | ^
At top level:
test.c:253:5: error: ‘main’ defined but not used [-Werror=unused-function]
  253 | int main( int argc, char *argv[] ) {
      |     ^~~~
test.c:37:6: error: ‘info_msg’ defined but not used [-Werror=unused-function]
   37 | void info_msg(char* msg){
      |      ^~~~~~~~
In file included from test.c:6:
arraylist.c:102:5: error: ‘get_size’ defined but not used [-Werror=unused-function]
  102 | int get_size(List *L) {
      |     ^~~~~~~~
arraylist.c:89:7: error: ‘popCurrent’ defined but not used [-Werror=unused-function]
   89 | void* popCurrent(List *L) {
      |       ^~~~~~~~~~
arraylist.c:80:7: error: ‘popBack’ defined but not used [-Werror=unused-function]
   80 | void* popBack(List *L) {
      |       ^~~~~~~
arraylist.c:68:7: error: ‘popFront’ defined but not used [-Werror=unused-function]
   68 | void* popFront(List *L) {
      |       ^~~~~~~~
arraylist.c:55:6: error: ‘pushCurrent’ defined but not used [-Werror=unused-function]
   55 | void pushCurrent(List *L, void *dato) {
      |      ^~~~~~~~~~~
arraylist.c:37:6: error: ‘pushFront’ defined but not used [-Werror=unused-function]
   37 | void pushFront(List *L, void *dato) {
      |      ^~~~~~~~~
cc1: all warnings being treated as errors
Compilation failed
9abfcd5
Thu 21 Mar 2024 07:09:54 PM UTC: 
 exercises.c | 1 +
 1 file changed, 1 insertion(+)
 tests:  0|0
b72541c
Thu 21 Mar 2024 07:11:21 PM UTC: 
 exercises.c | 4 +++-
 1 file changed, 3 insertions(+), 1 deletion(-)
In file included from test.c:5:
exercises.c: In function ‘copia_pila’:
exercises.c:80:23: error: comparison between pointer and integer [-Werror]
   80 |   while (get_size(P1) != NULL)
      |                       ^~
cc1: all warnings being treated as errors
Compilation failed
ccb7c18
Thu 21 Mar 2024 07:11:31 PM UTC: 
 exercises.c | 2 +-
 1 file changed, 1 insertion(+), 1 deletion(-)
In file included from test.c:5:
exercises.c: In function ‘copia_pila’:
exercises.c:80:23: error: lvalue required as left operand of assignment
   80 |   while (get_size(P1) =! NULL)
      |                       ^
Compilation failed
c691f4c
Thu 21 Mar 2024 07:11:38 PM UTC: 
 exercises.c | 2 +-
 1 file changed, 1 insertion(+), 1 deletion(-)
In file included from test.c:5:
exercises.c: In function ‘copia_pila’:
exercises.c:80:22: error: expected ‘)’ before ‘!’ token
   80 |   while (get_size(P1) ! NULL)
      |         ~            ^~
      |                      )
Compilation failed
2b6bfb6
Thu 21 Mar 2024 07:11:52 PM UTC: 
 exercises.c | 2 +-
 1 file changed, 1 insertion(+), 1 deletion(-)
In file included from test.c:5:
exercises.c: In function ‘copia_pila’:
exercises.c:80:23: error: comparison between pointer and integer [-Werror]
   80 |   while (get_size(P1) != NULL)
      |                       ^~
cc1: all warnings being treated as errors
Compilation failed
455e451
Thu 21 Mar 2024 07:12:12 PM UTC: 
 exercises.c | 2 +-
 1 file changed, 1 insertion(+), 1 deletion(-)
 tests:  0|5
total_score: 0/70
cd44da0
Thu 21 Mar 2024 07:15:41 PM UTC: 
 exercises.c | 2 +-
 1 file changed, 1 insertion(+), 1 deletion(-)
In file included from test.c:5:
exercises.c: In function ‘copia_pila’:
exercises.c:82:25: error: expected ‘)’ before ‘;’ token
   82 |     pushBack(P2, top(P1);
      |             ~           ^
      |                         )
exercises.c:83:13: error: expected ‘;’ before ‘}’ token
   83 |     pop(P1);
      |             ^
      |             ;
   84 |   }
      |   ~          
Compilation failed
7fa6629
Thu 21 Mar 2024 07:15:52 PM UTC: 
 exercises.c | 2 +-
 1 file changed, 1 insertion(+), 1 deletion(-)
 tests:  0|5
total_score: 0/70
ede53cb
Thu 21 Mar 2024 07:20:58 PM UTC: 
 exercises.c | 9 ++++++++-
 1 file changed, 8 insertions(+), 1 deletion(-)
In file included from test.c:5:
exercises.c: In function ‘copia_pila’:
exercises.c:80:3: error: expected declaration specifiers before ‘inicializar_pila’
   80 |   inicializar_pila(PAUX*);
      |   ^~~~~~~~~~~~~~~~
exercises.c:81:3: error: expected declaration specifiers before ‘while’
   81 |   while (top(P1) != NULL)
      |   ^~~~~
exercises.c:87:3: error: expected declaration specifiers before ‘while’
   87 |   while (top(PAUX) != NULL)
      |   ^~~~~
exercises.c:92:1: error: expected declaration specifiers before ‘}’ token
   92 | }
      | ^
exercises.c:101:41: error: expected ‘=’, ‘,’, ‘;’, ‘asm’ or ‘__attribute__’ before ‘{’ token
  101 | int parentesisBalanceados(char *cadena) {
      |                                         ^
In file included from test.c:6:
arraylist.c:6:1: error: empty declaration [-Werror]
    6 | struct List {
      | ^~~~~~
arraylist.c:12:14: error: storage class specified for parameter ‘List’
   12 | typedef List List;
      |              ^~~~
arraylist.c:14:1: error: expected declaration specifiers before ‘List’
   14 | List* create_list() {
      | ^~~~
arraylist.c:21:13: error: expected declaration specifiers or ‘...’ before ‘List’
   21 | void* first(List *L) {
      |             ^~~~
arraylist.c:29:12: error: expected declaration specifiers or ‘...’ before ‘List’
   29 | void* next(List *L) {
      |            ^~~~
arraylist.c:37:16: error: expected declaration specifiers or ‘...’ before ‘List’
   37 | void pushFront(List *L, void *dato) {
      |                ^~~~
arraylist.c:50:15: error: expected declaration specifiers or ‘...’ before ‘List’
   50 | void pushBack(List *L, void *dato) {
      |               ^~~~
arraylist.c:55:18: error: expected declaration specifiers or ‘...’ before ‘List’
   55 | void pushCurrent(List *L, void *dato) {
      |                  ^~~~
arraylist.c:68:16: error: expected declaration specifiers or ‘...’ before ‘List’
   68 | void* popFront(List *L) {
      |                ^~~~
arraylist.c:80:15: error: expected declaration specifiers or ‘...’ before ‘List’
   80 | void* popBack(List *L) {
      |               ^~~~
arraylist.c:89:18: error: expected declaration specifiers or ‘...’ before ‘List’
   89 | void* popCurrent(List *L) {
      |                  ^~~~
arraylist.c:102:14: error: expected declaration specifiers or ‘...’ before ‘List’
  102 | int get_size(List *L) {
      |              ^~~~
test.c:9:35: error: expected ‘=’, ‘,’, ‘;’, ‘asm’ or ‘__attribute__’ before ‘{’ token
    9 | char * _strdup2(const char * str) {
      |                                   ^
test.c:16:1: error: parameter ‘test_id’ is initialized
   16 | int test_id = -1;
      | ^~~
test.c:19:14: error: expected ‘=’, ‘,’, ‘;’, ‘asm’ or ‘__attribute__’ before ‘{’ token
   19 | int success(){
      |              ^
test.c:24:24: error: expected ‘=’, ‘,’, ‘;’, ‘asm’ or ‘__attribute__’ before ‘{’ token
   24 | void err_msg(char* msg){
      |                        ^
test.c:31:23: error: expected ‘=’, ‘,’, ‘;’, ‘asm’ or ‘__attribute__’ before ‘{’ token
   31 | void ok_msg(char* msg){
      |                       ^
test.c:37:25: error: expected ‘=’, ‘,’, ‘;’, ‘asm’ or ‘__attribute__’ before ‘{’ token
   37 | void info_msg(char* msg){
      |                         ^
test.c:42:75: error: expected ‘=’, ‘,’, ‘;’, ‘asm’ or ‘__attribute__’ before ‘{’ token
   42 | int test_suite(int(*test)(), char* msg, int max_score, int id, int req_id){
      |                                                                           ^
test.c:60:22: error: expected ‘=’, ‘,’, ‘;’, ‘asm’ or ‘__attribute__’ before ‘{’ token
   60 | int test_crea_lista(){
      |                      ^
test.c:84:22: error: expected ‘=’, ‘,’, ‘;’, ‘asm’ or ‘__attribute__’ before ‘{’ token
   84 | int test_suma_lista(){
      |                      ^
test.c:112:28: error: expected ‘=’, ‘,’, ‘;’, ‘asm’ or ‘__attribute__’ before ‘{’ token
  112 | int test_elimina_elemento(){
      |                            ^
test.c:158:22: error: expected ‘=’, ‘,’, ‘;’, ‘asm’ or ‘__attribute__’ before ‘{’ token
  158 | int test_copia_pila(){
      |                      ^
test.c:214:34: error: expected ‘=’, ‘,’, ‘;’, ‘asm’ or ‘__attribute__’ before ‘{’ token
  214 | int test_parentesis_balanceados(){
      |                                  ^
test.c:253:36: error: expected ‘=’, ‘,’, ‘;’, ‘asm’ or ‘__attribute__’ before ‘{’ token
  253 | int main( int argc, char *argv[] ) {
      |                                    ^
In file included from test.c:5:
exercises.c:78:6: error: old-style parameter declarations in prototyped function definition
   78 | void copia_pila(Stack* P1, Stack* P2)
      |      ^~~~~~~~~~
test.c:272: error: expected ‘{’ at end of input
cc1: all warnings being treated as errors
Compilation failed
4c5cb15
Thu 21 Mar 2024 07:21:12 PM UTC: 
 exercises.c | 2 +-
 1 file changed, 1 insertion(+), 1 deletion(-)
In file included from test.c:5:
exercises.c: In function ‘copia_pila’:
exercises.c:80:3: error: implicit declaration of function ‘inicializar_pila’ [-Werror=implicit-function-declaration]
   80 |   inicializar_pila(PAUX*);
      |   ^~~~~~~~~~~~~~~~
exercises.c:80:20: error: ‘PAUX’ undeclared (first use in this function)
   80 |   inicializar_pila(PAUX*);
      |                    ^~~~
exercises.c:80:20: note: each undeclared identifier is reported only once for each function it appears in
exercises.c:80:25: error: expected expression before ‘)’ token
   80 |   inicializar_pila(PAUX*);
      |                         ^
cc1: all warnings being treated as errors
Compilation failed
9095fdb
Thu 21 Mar 2024 07:21:29 PM UTC: 
 exercises.c | 2 +-
 1 file changed, 1 insertion(+), 1 deletion(-)
In file included from test.c:5:
exercises.c: In function ‘copia_pila’:
exercises.c:80:3: error: implicit declaration of function ‘inicializar_pila’ [-Werror=implicit-function-declaration]
   80 |   inicializar_pila(PAUX);
      |   ^~~~~~~~~~~~~~~~
exercises.c:80:20: error: ‘PAUX’ undeclared (first use in this function)
   80 |   inicializar_pila(PAUX);
      |                    ^~~~
exercises.c:80:20: note: each undeclared identifier is reported only once for each function it appears in
cc1: all warnings being treated as errors
Compilation failed
ee80f31
Thu 21 Mar 2024 07:21:55 PM UTC: 
 exercises.c | 2 +-
 1 file changed, 1 insertion(+), 1 deletion(-)
In file included from test.c:5:
exercises.c: In function ‘copia_pila’:
exercises.c:80:3: error: parameter names (without types) in function declaration [-Werror]
   80 |   void inicializar_pila(PAUX);
      |   ^~~~
exercises.c:84:14: error: ‘PAUX’ undeclared (first use in this function)
   84 |     pushBack(PAUX, top(P1));
      |              ^~~~
exercises.c:84:14: note: each undeclared identifier is reported only once for each function it appears in
cc1: all warnings being treated as errors
Compilation failed
0b4026d
Thu 21 Mar 2024 07:22:18 PM UTC: 
 exercises.c | 2 +-
 1 file changed, 1 insertion(+), 1 deletion(-)
In file included from test.c:5:
exercises.c: In function ‘copia_pila’:
exercises.c:80:3: error: implicit declaration of function ‘inicializar_pila’ [-Werror=implicit-function-declaration]
   80 |   inicializar_pila(&PAUX);
      |   ^~~~~~~~~~~~~~~~
exercises.c:80:21: error: ‘PAUX’ undeclared (first use in this function)
   80 |   inicializar_pila(&PAUX);
      |                     ^~~~
exercises.c:80:21: note: each undeclared identifier is reported only once for each function it appears in
cc1: all warnings being treated as errors
Compilation failed
45ec7d2
Thu 21 Mar 2024 07:22:44 PM UTC: 
 exercises.c | 8 ++++----
 1 file changed, 4 insertions(+), 4 deletions(-)
In file included from test.c:5:
exercises.c: In function ‘copia_pila’:
exercises.c:80:3: error: implicit declaration of function ‘inicializar_pila’ [-Werror=implicit-function-declaration]
   80 |   inicializar_pila(&PAUX);
      |   ^~~~~~~~~~~~~~~~
exercises.c:80:21: error: ‘PAUX’ undeclared (first use in this function)
   80 |   inicializar_pila(&PAUX);
      |                     ^~~~
exercises.c:80:21: note: each undeclared identifier is reported only once for each function it appears in
cc1: all warnings being treated as errors
Compilation failed
a6aeaa7
Thu 21 Mar 2024 07:23:14 PM UTC: 
 exercises.c | 1 +
 1 file changed, 1 insertion(+)
In file included from test.c:5:
exercises.c: In function ‘copia_pila’:
exercises.c:81:3: error: expected ‘=’, ‘,’, ‘;’, ‘asm’ or ‘__attribute__’ before ‘inicializar_pila’
   81 |   inicializar_pila(&PAUX);
      |   ^~~~~~~~~~~~~~~~
exercises.c:81:3: error: implicit declaration of function ‘inicializar_pila’ [-Werror=implicit-function-declaration]
exercises.c:81:21: error: ‘PAUX’ undeclared (first use in this function)
   81 |   inicializar_pila(&PAUX);
      |                     ^~~~
exercises.c:81:21: note: each undeclared identifier is reported only once for each function it appears in
cc1: all warnings being treated as errors
Compilation failed
31e2138
Thu 21 Mar 2024 07:23:23 PM UTC: 
 exercises.c | 2 +-
 1 file changed, 1 insertion(+), 1 deletion(-)
In file included from test.c:5:
exercises.c: In function ‘copia_pila’:
exercises.c:80:9: error: storage size of ‘PAUX’ isn’t known
   80 |   Stack PAUX;
      |         ^~~~
exercises.c:81:3: error: implicit declaration of function ‘inicializar_pila’ [-Werror=implicit-function-declaration]
   81 |   inicializar_pila(&PAUX);
      |   ^~~~~~~~~~~~~~~~
exercises.c:80:9: error: unused variable ‘PAUX’ [-Werror=unused-variable]
   80 |   Stack PAUX;
      |         ^~~~
cc1: all warnings being treated as errors
Compilation failed
b4b818d
Thu 21 Mar 2024 07:25:52 PM UTC: 
 exercises.c | 5 +++--
 1 file changed, 3 insertions(+), 2 deletions(-)
In file included from test.c:5:
exercises.c: In function ‘copia_pila’:
exercises.c:80:9: error: storage size of ‘PAUX’ isn’t known
   80 |   Stack PAUX;
      |         ^~~~
exercises.c:81:3: error: implicit declaration of function ‘inicializar_pila’ [-Werror=implicit-function-declaration]
   81 |   inicializar_pila(&PAUX);
      |   ^~~~~~~~~~~~~~~~
exercises.c:80:9: error: unused variable ‘PAUX’ [-Werror=unused-variable]
   80 |   Stack PAUX;
      |         ^~~~
cc1: all warnings being treated as errors
Compilation failed
6bdb7d8
Thu 21 Mar 2024 07:33:00 PM UTC: 
 exercises.c | 16 +++++++++++-----
 1 file changed, 11 insertions(+), 5 deletions(-)
In file included from test.c:5:
exercises.c: In function ‘sumaLista’:
exercises.c:60:14: error: invalid use of undefined type ‘struct List’
   60 |     suma += L[i];
      |              ^
exercises.c:60:13: error: invalid use of incomplete typedef ‘List’
   60 |     suma += L[i];
      |             ^
exercises.c: In function ‘copia_pila’:
exercises.c:87:9: error: storage size of ‘PAUX’ isn’t known
   87 |   Stack PAUX;
      |         ^~~~
exercises.c:88:3: error: implicit declaration of function ‘inicializar_pila’ [-Werror=implicit-function-declaration]
   88 |   inicializar_pila(&PAUX);
      |   ^~~~~~~~~~~~~~~~
exercises.c:87:9: error: unused variable ‘PAUX’ [-Werror=unused-variable]
   87 |   Stack PAUX;
      |         ^~~~
cc1: all warnings being treated as errors
Compilation failed
f6fbe34
Thu 21 Mar 2024 07:34:30 PM UTC: 
 exercises.c | 4 ++--
 1 file changed, 2 insertions(+), 2 deletions(-)
In file included from test.c:5:
exercises.c: In function ‘sumaLista’:
exercises.c:56:23: error: invalid use of incomplete typedef ‘List’
   56 |   int size = get_size(*L);
      |                       ^~
exercises.c:60:15: error: invalid use of undefined type ‘struct List’
   60 |     suma += *L[i];
      |               ^
exercises.c:60:14: error: invalid use of incomplete typedef ‘List’
   60 |     suma += *L[i];
      |              ^
exercises.c: In function ‘copia_pila’:
exercises.c:87:9: error: storage size of ‘PAUX’ isn’t known
   87 |   Stack PAUX;
      |         ^~~~
exercises.c:88:3: error: implicit declaration of function ‘inicializar_pila’ [-Werror=implicit-function-declaration]
   88 |   inicializar_pila(&PAUX);
      |   ^~~~~~~~~~~~~~~~
exercises.c:87:9: error: unused variable ‘PAUX’ [-Werror=unused-variable]
   87 |   Stack PAUX;
      |         ^~~~
cc1: all warnings being treated as errors
Compilation failed
42bf898
Thu 21 Mar 2024 07:36:12 PM UTC: 
 exercises.c | 4 ++--
 1 file changed, 2 insertions(+), 2 deletions(-)
In file included from test.c:5:
exercises.c: In function ‘copia_pila’:
exercises.c:87:9: error: storage size of ‘PAUX’ isn’t known
   87 |   Stack PAUX;
      |         ^~~~
exercises.c:88:3: error: implicit declaration of function ‘inicializar_pila’ [-Werror=implicit-function-declaration]
   88 |   inicializar_pila(&PAUX);
      |   ^~~~~~~~~~~~~~~~
exercises.c:87:9: error: unused variable ‘PAUX’ [-Werror=unused-variable]
   87 |   Stack PAUX;
      |         ^~~~
cc1: all warnings being treated as errors
Compilation failed
0ee608d
Thu 21 Mar 2024 07:36:43 PM UTC: 
 exercises.c | 3 ++-
 1 file changed, 2 insertions(+), 1 deletion(-)
 tests:  0|0
d21fd1f
Thu 21 Mar 2024 07:42:46 PM UTC: 
 exercises.c | 3 ++-
 1 file changed, 2 insertions(+), 1 deletion(-)
 tests:  0|0
9bc9b9f
Thu 21 Mar 2024 07:43:49 PM UTC: 
 exercises.c | 2 +-
 1 file changed, 1 insertion(+), 1 deletion(-)
In file included from test.c:5:
exercises.c: In function ‘sumaLista’:
exercises.c:60:10: error: assignment to ‘int’ from ‘int *’ makes integer from pointer without a cast [-Werror=int-conversion]
   60 |     suma += (int*)next(L);
      |          ^~
cc1: all warnings being treated as errors
Compilation failed
2c9530e
Thu 21 Mar 2024 07:44:06 PM UTC: 
 exercises.c | 2 +-
 1 file changed, 1 insertion(+), 1 deletion(-)
In file included from test.c:5:
exercises.c: In function ‘sumaLista’:
exercises.c:60:14: error: cast from pointer to integer of different size [-Werror=pointer-to-int-cast]
   60 |     suma += *(int)next(L);
      |              ^
exercises.c:60:13: error: invalid type argument of unary ‘*’ (have ‘int’)
   60 |     suma += *(int)next(L);
      |             ^~~~~~~~~~~~~
cc1: all warnings being treated as errors
Compilation failed
eb39ff7
Thu 21 Mar 2024 07:44:18 PM UTC: 
 exercises.c | 2 +-
 1 file changed, 1 insertion(+), 1 deletion(-)
In file included from test.c:5:
exercises.c: In function ‘sumaLista’:
exercises.c:60:10: error: assignment to ‘int’ from ‘void *’ makes integer from pointer without a cast [-Werror=int-conversion]
   60 |     suma += next(L);
      |          ^~
cc1: all warnings being treated as errors
Compilation failed
9d4ba88
Thu 21 Mar 2024 07:45:27 PM UTC: 
 exercises.c | 4 +++-
 1 file changed, 3 insertions(+), 1 deletion(-)
 tests:  0|5
total_score: 0/70
ff91225
